<?xml version="1.0" encoding="UTF-8"?>
<robot generator="Robot 6.1.1 (Python 3.11.5 on win32)" generated="20231005 14:40:49.196" rpa="false" schemaversion="4">
<suite id="s1" name="Runlogin" source="D:\Del Rosario Nico\Robot Framework Tutorial\testcases\runlogin.robot">
<kw name="Open Browser To Login Page" type="SETUP">
<kw name="Open Browser" library="SeleniumLibrary">
<arg>${URL}</arg>
<arg>${BROWSER}</arg>
<doc>Opens a new browser instance to the optional ``url``.</doc>
<msg timestamp="20231005 14:40:49.424" level="INFO">Opening browser 'chrome' to base url 'https://test-grip.georisk.gov.ph/sso/login?issuer=https%3A%2F%2Ftest-grip.georisk.gov.ph%2Foauth%2Fauthorize&amp;clientId=r1iyFdcblP97nY7mbaSaJU2mAol774zrHqlSvFvn&amp;clientSecret=ZaCeazkJ4cb9eZsLrRGlrnApS60g0YanBKq2VcKaJCOf4cAEzO88ALxzmI2AAY64735rR1Y2oOCan7gv&amp;redirectUri=https%3A%2F%2Ftest-geoanalytics.georisk.gov.ph%2Fsso%2Fcb&amp;appId=3&amp;postLogoutRedirectUri=https%3A%2F%2Ftest-geoanalytics.georisk.gov.ph%2Fsso%2Flogout'.</msg>
<status status="PASS" starttime="20231005 14:40:49.423" endtime="20231005 14:40:57.443"/>
</kw>
<status status="PASS" starttime="20231005 14:40:49.423" endtime="20231005 14:40:57.443"/>
</kw>
<test id="s1-t1" name="Valid Login" line="22">
<kw name="Navigate To Login Page" type="SETUP">
<kw name="Go To" library="SeleniumLibrary">
<arg>${URL}</arg>
<doc>Navigates the current browser window to the provided ``url``.</doc>
<msg timestamp="20231005 14:40:57.444" level="INFO">Opening url 'https://test-grip.georisk.gov.ph/sso/login?issuer=https%3A%2F%2Ftest-grip.georisk.gov.ph%2Foauth%2Fauthorize&amp;clientId=r1iyFdcblP97nY7mbaSaJU2mAol774zrHqlSvFvn&amp;clientSecret=ZaCeazkJ4cb9eZsLrRGlrnApS60g0YanBKq2VcKaJCOf4cAEzO88ALxzmI2AAY64735rR1Y2oOCan7gv&amp;redirectUri=https%3A%2F%2Ftest-geoanalytics.georisk.gov.ph%2Fsso%2Fcb&amp;appId=3&amp;postLogoutRedirectUri=https%3A%2F%2Ftest-geoanalytics.georisk.gov.ph%2Fsso%2Flogout'</msg>
<status status="PASS" starttime="20231005 14:40:57.444" endtime="20231005 14:40:58.331"/>
</kw>
<status status="PASS" starttime="20231005 14:40:57.444" endtime="20231005 14:40:58.331"/>
</kw>
<kw name="Input Username">
<arg>${USERNAME}</arg>
<kw name="Input Text" library="SeleniumLibrary">
<arg>${USERNAME_FIELD}</arg>
<arg>${username}</arg>
<doc>Types the given ``text`` into the text field identified by ``locator``.</doc>
<msg timestamp="20231005 14:40:58.333" level="INFO">Typing text 'grip_padregarcia_acmendoza' into text field 'id=username'.</msg>
<status status="PASS" starttime="20231005 14:40:58.332" endtime="20231005 14:40:58.491"/>
</kw>
<status status="PASS" starttime="20231005 14:40:58.332" endtime="20231005 14:40:58.491"/>
</kw>
<kw name="Input Password">
<arg>${PASSWORD}</arg>
<kw name="Input Text" library="SeleniumLibrary">
<arg>${PASSWORD_FIELD}</arg>
<arg>${password}</arg>
<doc>Types the given ``text`` into the text field identified by ``locator``.</doc>
<msg timestamp="20231005 14:40:58.492" level="INFO">Typing text 'batangas_016' into text field 'id=password-input'.</msg>
<status status="PASS" starttime="20231005 14:40:58.492" endtime="20231005 14:40:58.600"/>
</kw>
<status status="PASS" starttime="20231005 14:40:58.491" endtime="20231005 14:40:58.601"/>
</kw>
<kw name="Handle CAPTCHA">
<kw name="Log" library="BuiltIn">
<arg>Manual CAPTCHA verification required</arg>
<doc>Logs the given message with the given level.</doc>
<msg timestamp="20231005 14:40:58.601" level="INFO">Manual CAPTCHA verification required</msg>
<status status="PASS" starttime="20231005 14:40:58.601" endtime="20231005 14:40:58.601"/>
</kw>
<status status="PASS" starttime="20231005 14:40:58.601" endtime="20231005 14:40:58.601"/>
</kw>
<kw name="Submit Login">
<kw name="Click Button" library="SeleniumLibrary">
<arg>${LOGIN_BUTTON}</arg>
<doc>Clicks the button identified by ``locator``.</doc>
<msg timestamp="20231005 14:40:58.602" level="INFO">Clicking button 'id=login-button'.</msg>
<status status="PASS" starttime="20231005 14:40:58.602" endtime="20231005 14:40:59.558"/>
</kw>
<status status="PASS" starttime="20231005 14:40:58.602" endtime="20231005 14:40:59.558"/>
</kw>
<kw name="Validate Captcha Not Filled">
<kw name="Wait Until Page Contains Element" library="SeleniumLibrary">
<arg>${CAPTCHA_ALERT}</arg>
<doc>Waits until the element ``locator`` appears on the current page.</doc>
<status status="PASS" starttime="20231005 14:40:59.559" endtime="20231005 14:40:59.572"/>
</kw>
<kw name="Get Text" library="SeleniumLibrary">
<var>${alert_text}</var>
<arg>${CAPTCHA_ALERT}</arg>
<doc>Returns the text value of the element identified by ``locator``.</doc>
<msg timestamp="20231005 14:40:59.596" level="INFO">${alert_text} = The g-recaptcha-response field is required.</msg>
<status status="PASS" starttime="20231005 14:40:59.573" endtime="20231005 14:40:59.596"/>
</kw>
<kw name="Should Contain" library="BuiltIn">
<arg>${alert_text}</arg>
<arg>The g-recaptcha-response field is required.</arg>
<doc>Fails if ``container`` does not contain ``item`` one or more times.</doc>
<status status="PASS" starttime="20231005 14:40:59.596" endtime="20231005 14:40:59.596"/>
</kw>
<kw name="Log" library="BuiltIn">
<arg>Login failed due to CAPTCHA: ${alert_text}</arg>
<doc>Logs the given message with the given level.</doc>
<msg timestamp="20231005 14:40:59.596" level="INFO">Login failed due to CAPTCHA: The g-recaptcha-response field is required.</msg>
<status status="PASS" starttime="20231005 14:40:59.596" endtime="20231005 14:40:59.596"/>
</kw>
<status status="PASS" starttime="20231005 14:40:59.559" endtime="20231005 14:40:59.596"/>
</kw>
<kw name="Validate Successful Login">
<kw name="Wait Until Page Contains Element" library="SeleniumLibrary">
<arg>${SUCCESSFUL_LOGIN_ELEMENT}</arg>
<doc>Waits until the element ``locator`` appears on the current page.</doc>
<msg timestamp="20231005 14:41:04.703" level="INFO" html="true">&lt;/td&gt;&lt;/tr&gt;&lt;tr&gt;&lt;td colspan="3"&gt;&lt;a href="selenium-screenshot-9.png"&gt;&lt;img src="selenium-screenshot-9.png" width="800px"&gt;&lt;/a&gt;</msg>
<msg timestamp="20231005 14:41:04.703" level="FAIL">Element 'css=span.hidden-xs.d-none.d-sm-inline-block.m-l-5' did not appear in 5 seconds.</msg>
<status status="FAIL" starttime="20231005 14:40:59.597" endtime="20231005 14:41:04.705"/>
</kw>
<kw name="Get Text" library="SeleniumLibrary">
<var>${user_name}</var>
<arg>${SUCCESSFUL_LOGIN_ELEMENT}</arg>
<doc>Returns the text value of the element identified by ``locator``.</doc>
<status status="NOT RUN" starttime="20231005 14:41:04.705" endtime="20231005 14:41:04.705"/>
</kw>
<kw name="Should Be Equal As Strings" library="BuiltIn">
<arg>${user_name}</arg>
<arg>Abuel C. Mendoza</arg>
<doc>Fails if objects are unequal after converting them to strings.</doc>
<status status="NOT RUN" starttime="20231005 14:41:04.705" endtime="20231005 14:41:04.705"/>
</kw>
<kw name="Log" library="BuiltIn">
<arg>Login successful</arg>
<doc>Logs the given message with the given level.</doc>
<status status="NOT RUN" starttime="20231005 14:41:04.705" endtime="20231005 14:41:04.705"/>
</kw>
<status status="FAIL" starttime="20231005 14:40:59.597" endtime="20231005 14:41:04.705"/>
</kw>
<kw name="Logout From Application" type="TEARDOWN">
<kw name="Click Button" library="SeleniumLibrary">
<arg>${LOGOUT_BUTTON}</arg>
<doc>Clicks the button identified by ``locator``.</doc>
<msg timestamp="20231005 14:41:04.706" level="INFO">Clicking button 'id=logoutBtn'.</msg>
<msg timestamp="20231005 14:41:04.811" level="INFO" html="true">&lt;/td&gt;&lt;/tr&gt;&lt;tr&gt;&lt;td colspan="3"&gt;&lt;a href="selenium-screenshot-10.png"&gt;&lt;img src="selenium-screenshot-10.png" width="800px"&gt;&lt;/a&gt;</msg>
<msg timestamp="20231005 14:41:04.811" level="FAIL">Button with locator 'id=logoutBtn' not found.</msg>
<status status="FAIL" starttime="20231005 14:41:04.706" endtime="20231005 14:41:04.812"/>
</kw>
<kw name="Wait Until Page Contains" library="SeleniumLibrary">
<arg>You have been logged out</arg>
<doc>Waits until ``text`` appears on the current page.</doc>
<msg timestamp="20231005 14:41:09.928" level="INFO" html="true">&lt;/td&gt;&lt;/tr&gt;&lt;tr&gt;&lt;td colspan="3"&gt;&lt;a href="selenium-screenshot-11.png"&gt;&lt;img src="selenium-screenshot-11.png" width="800px"&gt;&lt;/a&gt;</msg>
<msg timestamp="20231005 14:41:09.928" level="FAIL">Text 'You have been logged out' did not appear in 5 seconds.</msg>
<status status="FAIL" starttime="20231005 14:41:04.813" endtime="20231005 14:41:09.929"/>
</kw>
<kw name="Log" library="BuiltIn">
<arg>Logged out from application</arg>
<doc>Logs the given message with the given level.</doc>
<msg timestamp="20231005 14:41:09.930" level="INFO">Logged out from application</msg>
<status status="PASS" starttime="20231005 14:41:09.930" endtime="20231005 14:41:09.930"/>
</kw>
<status status="FAIL" starttime="20231005 14:41:04.706" endtime="20231005 14:41:09.930">Several failures occurred:

1) Button with locator 'id=logoutBtn' not found.

2) Text 'You have been logged out' did not appear in 5 seconds.</status>
</kw>
<status status="FAIL" starttime="20231005 14:40:57.443" endtime="20231005 14:41:09.930">Element 'css=span.hidden-xs.d-none.d-sm-inline-block.m-l-5' did not appear in 5 seconds.

Also teardown failed:
Several failures occurred:

1) Button with locator 'id=logoutBtn' not found.

2) Text 'You have been logged out' did not appear in 5 seconds.</status>
</test>
<test id="s1-t2" name="Invalid Login" line="30">
<kw name="Navigate To Login Page" type="SETUP">
<kw name="Go To" library="SeleniumLibrary">
<arg>${URL}</arg>
<doc>Navigates the current browser window to the provided ``url``.</doc>
<msg timestamp="20231005 14:41:09.934" level="INFO">Opening url 'https://test-grip.georisk.gov.ph/sso/login?issuer=https%3A%2F%2Ftest-grip.georisk.gov.ph%2Foauth%2Fauthorize&amp;clientId=r1iyFdcblP97nY7mbaSaJU2mAol774zrHqlSvFvn&amp;clientSecret=ZaCeazkJ4cb9eZsLrRGlrnApS60g0YanBKq2VcKaJCOf4cAEzO88ALxzmI2AAY64735rR1Y2oOCan7gv&amp;redirectUri=https%3A%2F%2Ftest-geoanalytics.georisk.gov.ph%2Fsso%2Fcb&amp;appId=3&amp;postLogoutRedirectUri=https%3A%2F%2Ftest-geoanalytics.georisk.gov.ph%2Fsso%2Flogout'</msg>
<status status="PASS" starttime="20231005 14:41:09.934" endtime="20231005 14:41:10.693"/>
</kw>
<status status="PASS" starttime="20231005 14:41:09.934" endtime="20231005 14:41:10.693"/>
</kw>
<kw name="Input Username">
<arg>wrongUser</arg>
<kw name="Input Text" library="SeleniumLibrary">
<arg>${USERNAME_FIELD}</arg>
<arg>${username}</arg>
<doc>Types the given ``text`` into the text field identified by ``locator``.</doc>
<msg timestamp="20231005 14:41:10.694" level="INFO">Typing text 'wrongUser' into text field 'id=username'.</msg>
<status status="PASS" starttime="20231005 14:41:10.694" endtime="20231005 14:41:10.796"/>
</kw>
<status status="PASS" starttime="20231005 14:41:10.693" endtime="20231005 14:41:10.796"/>
</kw>
<kw name="Input Password">
<arg>wrongPass</arg>
<kw name="Input Text" library="SeleniumLibrary">
<arg>${PASSWORD_FIELD}</arg>
<arg>${password}</arg>
<doc>Types the given ``text`` into the text field identified by ``locator``.</doc>
<msg timestamp="20231005 14:41:10.798" level="INFO">Typing text 'wrongPass' into text field 'id=password-input'.</msg>
<status status="PASS" starttime="20231005 14:41:10.797" endtime="20231005 14:41:10.946"/>
</kw>
<status status="PASS" starttime="20231005 14:41:10.797" endtime="20231005 14:41:10.946"/>
</kw>
<kw name="Handle CAPTCHA">
<kw name="Log" library="BuiltIn">
<arg>Manual CAPTCHA verification required</arg>
<doc>Logs the given message with the given level.</doc>
<msg timestamp="20231005 14:41:10.946" level="INFO">Manual CAPTCHA verification required</msg>
<status status="PASS" starttime="20231005 14:41:10.946" endtime="20231005 14:41:10.946"/>
</kw>
<status status="PASS" starttime="20231005 14:41:10.946" endtime="20231005 14:41:10.946"/>
</kw>
<kw name="Submit Login">
<kw name="Click Button" library="SeleniumLibrary">
<arg>${LOGIN_BUTTON}</arg>
<doc>Clicks the button identified by ``locator``.</doc>
<msg timestamp="20231005 14:41:10.948" level="INFO">Clicking button 'id=login-button'.</msg>
<status status="PASS" starttime="20231005 14:41:10.947" endtime="20231005 14:41:11.898"/>
</kw>
<status status="PASS" starttime="20231005 14:41:10.947" endtime="20231005 14:41:11.898"/>
</kw>
<kw name="Validate Captcha Not Filled">
<kw name="Wait Until Page Contains Element" library="SeleniumLibrary">
<arg>${CAPTCHA_ALERT}</arg>
<doc>Waits until the element ``locator`` appears on the current page.</doc>
<status status="PASS" starttime="20231005 14:41:11.899" endtime="20231005 14:41:11.910"/>
</kw>
<kw name="Get Text" library="SeleniumLibrary">
<var>${alert_text}</var>
<arg>${CAPTCHA_ALERT}</arg>
<doc>Returns the text value of the element identified by ``locator``.</doc>
<msg timestamp="20231005 14:41:11.930" level="INFO">${alert_text} = The g-recaptcha-response field is required.</msg>
<status status="PASS" starttime="20231005 14:41:11.910" endtime="20231005 14:41:11.930"/>
</kw>
<kw name="Should Contain" library="BuiltIn">
<arg>${alert_text}</arg>
<arg>The g-recaptcha-response field is required.</arg>
<doc>Fails if ``container`` does not contain ``item`` one or more times.</doc>
<status status="PASS" starttime="20231005 14:41:11.930" endtime="20231005 14:41:11.931"/>
</kw>
<kw name="Log" library="BuiltIn">
<arg>Login failed due to CAPTCHA: ${alert_text}</arg>
<doc>Logs the given message with the given level.</doc>
<msg timestamp="20231005 14:41:11.931" level="INFO">Login failed due to CAPTCHA: The g-recaptcha-response field is required.</msg>
<status status="PASS" starttime="20231005 14:41:11.931" endtime="20231005 14:41:11.931"/>
</kw>
<status status="PASS" starttime="20231005 14:41:11.898" endtime="20231005 14:41:11.931"/>
</kw>
<kw name="Validate Login Failure">
<kw name="Wait Until Page Contains Element" library="SeleniumLibrary">
<arg>${FAILURE_ALERT}</arg>
<doc>Waits until the element ``locator`` appears on the current page.</doc>
<msg timestamp="20231005 14:41:17.061" level="INFO" html="true">&lt;/td&gt;&lt;/tr&gt;&lt;tr&gt;&lt;td colspan="3"&gt;&lt;a href="selenium-screenshot-12.png"&gt;&lt;img src="selenium-screenshot-12.png" width="800px"&gt;&lt;/a&gt;</msg>
<msg timestamp="20231005 14:41:17.061" level="FAIL">Element 'css=div.alert.alert-warning.alert-dismissible.fade.show' did not appear in 5 seconds.</msg>
<status status="FAIL" starttime="20231005 14:41:11.931" endtime="20231005 14:41:17.062"/>
</kw>
<kw name="Get Text" library="SeleniumLibrary">
<var>${alert_text}</var>
<arg>${FAILURE_ALERT}</arg>
<doc>Returns the text value of the element identified by ``locator``.</doc>
<status status="NOT RUN" starttime="20231005 14:41:17.062" endtime="20231005 14:41:17.062"/>
</kw>
<kw name="Should Contain" library="BuiltIn">
<arg>${alert_text}</arg>
<arg>Invalid username or password.</arg>
<doc>Fails if ``container`` does not contain ``item`` one or more times.</doc>
<status status="NOT RUN" starttime="20231005 14:41:17.062" endtime="20231005 14:41:17.062"/>
</kw>
<kw name="Log" library="BuiltIn">
<arg>Login failed: ${alert_text}</arg>
<doc>Logs the given message with the given level.</doc>
<status status="NOT RUN" starttime="20231005 14:41:17.063" endtime="20231005 14:41:17.063"/>
</kw>
<status status="FAIL" starttime="20231005 14:41:11.931" endtime="20231005 14:41:17.063"/>
</kw>
<kw name="Logout From Application" type="TEARDOWN">
<kw name="Click Button" library="SeleniumLibrary">
<arg>${LOGOUT_BUTTON}</arg>
<doc>Clicks the button identified by ``locator``.</doc>
<msg timestamp="20231005 14:41:17.064" level="INFO">Clicking button 'id=logoutBtn'.</msg>
<msg timestamp="20231005 14:41:17.167" level="INFO" html="true">&lt;/td&gt;&lt;/tr&gt;&lt;tr&gt;&lt;td colspan="3"&gt;&lt;a href="selenium-screenshot-13.png"&gt;&lt;img src="selenium-screenshot-13.png" width="800px"&gt;&lt;/a&gt;</msg>
<msg timestamp="20231005 14:41:17.168" level="FAIL">Button with locator 'id=logoutBtn' not found.</msg>
<status status="FAIL" starttime="20231005 14:41:17.064" endtime="20231005 14:41:17.169"/>
</kw>
<kw name="Wait Until Page Contains" library="SeleniumLibrary">
<arg>You have been logged out</arg>
<doc>Waits until ``text`` appears on the current page.</doc>
<msg timestamp="20231005 14:41:22.282" level="INFO" html="true">&lt;/td&gt;&lt;/tr&gt;&lt;tr&gt;&lt;td colspan="3"&gt;&lt;a href="selenium-screenshot-14.png"&gt;&lt;img src="selenium-screenshot-14.png" width="800px"&gt;&lt;/a&gt;</msg>
<msg timestamp="20231005 14:41:22.282" level="FAIL">Text 'You have been logged out' did not appear in 5 seconds.</msg>
<status status="FAIL" starttime="20231005 14:41:17.169" endtime="20231005 14:41:22.283"/>
</kw>
<kw name="Log" library="BuiltIn">
<arg>Logged out from application</arg>
<doc>Logs the given message with the given level.</doc>
<msg timestamp="20231005 14:41:22.283" level="INFO">Logged out from application</msg>
<status status="PASS" starttime="20231005 14:41:22.283" endtime="20231005 14:41:22.283"/>
</kw>
<status status="FAIL" starttime="20231005 14:41:17.064" endtime="20231005 14:41:22.283">Several failures occurred:

1) Button with locator 'id=logoutBtn' not found.

2) Text 'You have been logged out' did not appear in 5 seconds.</status>
</kw>
<status status="FAIL" starttime="20231005 14:41:09.933" endtime="20231005 14:41:22.284">Element 'css=div.alert.alert-warning.alert-dismissible.fade.show' did not appear in 5 seconds.

Also teardown failed:
Several failures occurred:

1) Button with locator 'id=logoutBtn' not found.

2) Text 'You have been logged out' did not appear in 5 seconds.</status>
</test>
<kw name="Close All Browsers" library="SeleniumLibrary" type="TEARDOWN">
<doc>Closes all open browsers and resets the browser cache.</doc>
<status status="PASS" starttime="20231005 14:41:22.286" endtime="20231005 14:41:28.541"/>
</kw>
<status status="FAIL" starttime="20231005 14:40:49.198" endtime="20231005 14:41:28.541"/>
</suite>
<statistics>
<total>
<stat pass="0" fail="2" skip="0">All Tests</stat>
</total>
<tag>
</tag>
<suite>
<stat pass="0" fail="2" skip="0" id="s1" name="Runlogin">Runlogin</stat>
</suite>
</statistics>
<errors>
</errors>
</robot>
