<?xml version="1.0" encoding="UTF-8"?>
<robot generator="Robot 6.1.1 (Python 3.11.5 on win32)" generated="20231004 16:55:46.267" rpa="false" schemaversion="4">
<suite id="s1" name="Sampletest" source="D:\Del Rosario Nico\Robot Framework Tutorial\testcases\sampletest.robot">
<kw name="Log" library="BuiltIn" type="SETUP">
<arg>Test Starts</arg>
<doc>Logs the given message with the given level.</doc>
<msg timestamp="20231004 16:55:46.294" level="INFO">Test Starts</msg>
<status status="PASS" starttime="20231004 16:55:46.294" endtime="20231004 16:55:46.294"/>
</kw>
<test id="s1-t1" name="TC1" line="37">
<kw name="Log" library="BuiltIn" type="SETUP">
<arg>This is a setup call</arg>
<doc>Logs the given message with the given level.</doc>
<msg timestamp="20231004 16:55:46.295" level="INFO">This is a setup call</msg>
<status status="PASS" starttime="20231004 16:55:46.295" endtime="20231004 16:55:46.296"/>
</kw>
<kw name="Log" library="BuiltIn">
<arg>Log this message</arg>
<doc>Logs the given message with the given level.</doc>
<msg timestamp="20231004 16:55:46.297" level="INFO">Log this message</msg>
<status status="PASS" starttime="20231004 16:55:46.296" endtime="20231004 16:55:46.297"/>
</kw>
<kw name="Log" library="BuiltIn">
<arg>Log this message</arg>
<doc>Logs the given message with the given level.</doc>
<msg timestamp="20231004 16:55:46.297" level="INFO">Log this message</msg>
<status status="PASS" starttime="20231004 16:55:46.297" endtime="20231004 16:55:46.297"/>
</kw>
<kw name="Log" library="BuiltIn" type="TEARDOWN">
<arg>This is a teardown call</arg>
<doc>Logs the given message with the given level.</doc>
<msg timestamp="20231004 16:55:46.298" level="INFO">This is a teardown call</msg>
<status status="PASS" starttime="20231004 16:55:46.298" endtime="20231004 16:55:46.298"/>
</kw>
<doc>This is a documentation at TEST CASE LEVEL</doc>
<tag>critical</tag>
<timeout value="1 second"/>
<status status="PASS" starttime="20231004 16:55:46.294" endtime="20231004 16:55:46.298"/>
</test>
<test id="s1-t2" name="TC2" line="46">
<kw name="Log" library="BuiltIn">
<arg>Log this message</arg>
<doc>Logs the given message with the given level.</doc>
<msg timestamp="20231004 16:55:46.301" level="INFO">Log this message</msg>
<status status="PASS" starttime="20231004 16:55:46.300" endtime="20231004 16:55:46.301"/>
</kw>
<kw name="Log" library="BuiltIn">
<arg>Log this message</arg>
<doc>Logs the given message with the given level.</doc>
<msg timestamp="20231004 16:55:46.301" level="INFO">Log this message</msg>
<status status="PASS" starttime="20231004 16:55:46.301" endtime="20231004 16:55:46.302"/>
</kw>
<timeout value="1 second"/>
<status status="PASS" starttime="20231004 16:55:46.300" endtime="20231004 16:55:46.302"/>
</test>
<test id="s1-t3" name="TC3" line="50">
<kw name="Log" library="BuiltIn">
<arg>Log this message</arg>
<doc>Logs the given message with the given level.</doc>
<msg timestamp="20231004 16:55:46.304" level="INFO">Log this message</msg>
<status status="PASS" starttime="20231004 16:55:46.303" endtime="20231004 16:55:46.304"/>
</kw>
<kw name="Log" library="BuiltIn">
<arg>Log this message</arg>
<doc>Logs the given message with the given level.</doc>
<msg timestamp="20231004 16:55:46.305" level="INFO">Log this message</msg>
<status status="PASS" starttime="20231004 16:55:46.305" endtime="20231004 16:55:46.305"/>
</kw>
<timeout value="1 second"/>
<status status="PASS" starttime="20231004 16:55:46.303" endtime="20231004 16:55:46.305"/>
</test>
<test id="s1-t4" name="TC4" line="54">
<kw name="Set Variable" library="BuiltIn">
<var>${a}</var>
<arg>100</arg>
<doc>Returns the given values which can then be assigned to a variables.</doc>
<msg timestamp="20231004 16:55:46.308" level="INFO">${a} = 100</msg>
<status status="PASS" starttime="20231004 16:55:46.307" endtime="20231004 16:55:46.308"/>
</kw>
<kw name="Set Variable If" library="BuiltIn">
<var>${b}</var>
<arg>1==1</arg>
<arg>Value if True</arg>
<arg>Value if False</arg>
<doc>Sets variable based on the given condition.</doc>
<msg timestamp="20231004 16:55:46.309" level="INFO">${b} = Value if True</msg>
<status status="PASS" starttime="20231004 16:55:46.309" endtime="20231004 16:55:46.309"/>
</kw>
<kw name="Set Variable" library="BuiltIn">
<var>${c}</var>
<arg>THIS IS A GLOBAL VARIABLE</arg>
<doc>Returns the given values which can then be assigned to a variables.</doc>
<msg timestamp="20231004 16:55:46.310" level="INFO">${c} = THIS IS A GLOBAL VARIABLE</msg>
<status status="PASS" starttime="20231004 16:55:46.309" endtime="20231004 16:55:46.310"/>
</kw>
<kw name="Log" library="BuiltIn">
<arg>${a}</arg>
<doc>Logs the given message with the given level.</doc>
<msg timestamp="20231004 16:55:46.310" level="INFO">100</msg>
<status status="PASS" starttime="20231004 16:55:46.310" endtime="20231004 16:55:46.310"/>
</kw>
<kw name="Log" library="BuiltIn">
<arg>${b}</arg>
<doc>Logs the given message with the given level.</doc>
<msg timestamp="20231004 16:55:46.311" level="INFO">Value if True</msg>
<status status="PASS" starttime="20231004 16:55:46.311" endtime="20231004 16:55:46.311"/>
</kw>
<kw name="Set Global Variable" library="BuiltIn">
<arg>${c}</arg>
<doc>Makes a variable available globally in all tests and suites.</doc>
<msg timestamp="20231004 16:55:46.312" level="INFO">${c} = THIS IS A GLOBAL VARIABLE</msg>
<status status="PASS" starttime="20231004 16:55:46.312" endtime="20231004 16:55:46.312"/>
</kw>
<kw name="Log" library="BuiltIn">
<arg>${c}</arg>
<doc>Logs the given message with the given level.</doc>
<msg timestamp="20231004 16:55:46.313" level="INFO">THIS IS A GLOBAL VARIABLE</msg>
<status status="PASS" starttime="20231004 16:55:46.312" endtime="20231004 16:55:46.313"/>
</kw>
<timeout value="1 second"/>
<status status="PASS" starttime="20231004 16:55:46.307" endtime="20231004 16:55:46.314"/>
</test>
<test id="s1-t5" name="TC5" line="64">
<kw name="Set Variable" library="BuiltIn">
<var>${d}</var>
<arg>99</arg>
<doc>Returns the given values which can then be assigned to a variables.</doc>
<msg timestamp="20231004 16:55:46.316" level="INFO">${d} = 99</msg>
<status status="PASS" starttime="20231004 16:55:46.315" endtime="20231004 16:55:46.316"/>
</kw>
<kw name="Convert To Binary" library="BuiltIn">
<var>${e}</var>
<arg>${d}</arg>
<doc>Converts the given item to a binary string.</doc>
<msg timestamp="20231004 16:55:46.317" level="INFO">${e} = 1100011</msg>
<status status="PASS" starttime="20231004 16:55:46.317" endtime="20231004 16:55:46.317"/>
</kw>
<kw name="Log" library="BuiltIn">
<arg>${e}</arg>
<doc>Logs the given message with the given level.</doc>
<msg timestamp="20231004 16:55:46.318" level="INFO">1100011</msg>
<status status="PASS" starttime="20231004 16:55:46.317" endtime="20231004 16:55:46.318"/>
</kw>
<timeout value="1 second"/>
<status status="PASS" starttime="20231004 16:55:46.315" endtime="20231004 16:55:46.318"/>
</test>
<test id="s1-t6" name="TC6 - Convert To Boolean" line="69">
<kw name="Set Variable" library="BuiltIn">
<var>${f}</var>
<arg>tRuE</arg>
<doc>Returns the given values which can then be assigned to a variables.</doc>
<msg timestamp="20231004 16:55:46.321" level="INFO">${f} = tRuE</msg>
<status status="PASS" starttime="20231004 16:55:46.320" endtime="20231004 16:55:46.321"/>
</kw>
<kw name="Convert To Boolean" library="BuiltIn">
<var>${g}</var>
<arg>${f}</arg>
<doc>Converts the given item to Boolean true or false.</doc>
<msg timestamp="20231004 16:55:46.322" level="INFO">${g} = True</msg>
<status status="PASS" starttime="20231004 16:55:46.321" endtime="20231004 16:55:46.322"/>
</kw>
<kw name="Log" library="BuiltIn">
<arg>${g}</arg>
<doc>Logs the given message with the given level.</doc>
<msg timestamp="20231004 16:55:46.323" level="INFO">True</msg>
<status status="PASS" starttime="20231004 16:55:46.323" endtime="20231004 16:55:46.323"/>
</kw>
<doc>String to Boolean</doc>
<timeout value="1 second"/>
<status status="PASS" starttime="20231004 16:55:46.320" endtime="20231004 16:55:46.324"/>
</test>
<test id="s1-t7" name="TC7" line="75">
<kw name="Set Log Level" library="BuiltIn">
<arg>INFO</arg>
<doc>Sets the log threshold to the specified level and returns the old level.</doc>
<msg timestamp="20231004 16:55:46.327" level="INFO">Log level changed from INFO to INFO.</msg>
<status status="PASS" starttime="20231004 16:55:46.326" endtime="20231004 16:55:46.327"/>
</kw>
<kw name="Log" library="BuiltIn">
<arg>this is Info Log</arg>
<arg>INFO</arg>
<doc>Logs the given message with the given level.</doc>
<msg timestamp="20231004 16:55:46.328" level="INFO">this is Info Log</msg>
<status status="PASS" starttime="20231004 16:55:46.327" endtime="20231004 16:55:46.328"/>
</kw>
<kw name="Log" library="BuiltIn">
<arg>&lt;h1&gt;this is HTML Log&lt;/h1&gt;</arg>
<arg>HTML</arg>
<doc>Logs the given message with the given level.</doc>
<msg timestamp="20231004 16:55:46.329" level="INFO" html="true">&lt;h1&gt;this is HTML Log&lt;/h1&gt;</msg>
<status status="PASS" starttime="20231004 16:55:46.328" endtime="20231004 16:55:46.329"/>
</kw>
<kw name="Log" library="BuiltIn">
<arg>this is WARN Log</arg>
<arg>WARN</arg>
<doc>Logs the given message with the given level.</doc>
<msg timestamp="20231004 16:55:46.330" level="WARN">this is WARN Log</msg>
<status status="PASS" starttime="20231004 16:55:46.329" endtime="20231004 16:55:46.330"/>
</kw>
<kw name="Log" library="BuiltIn">
<arg>this is ERROR Log</arg>
<arg>ERROR</arg>
<doc>Logs the given message with the given level.</doc>
<msg timestamp="20231004 16:55:46.331" level="ERROR">this is ERROR Log</msg>
<status status="PASS" starttime="20231004 16:55:46.331" endtime="20231004 16:55:46.332"/>
</kw>
<kw name="Log" library="BuiltIn">
<arg>this is DEBUG Log</arg>
<arg>DEBUG</arg>
<doc>Logs the given message with the given level.</doc>
<status status="PASS" starttime="20231004 16:55:46.333" endtime="20231004 16:55:46.334"/>
</kw>
<kw name="Log" library="BuiltIn">
<arg>${list1[0]}</arg>
<doc>Logs the given message with the given level.</doc>
<msg timestamp="20231004 16:55:46.334" level="INFO">1</msg>
<status status="PASS" starttime="20231004 16:55:46.334" endtime="20231004 16:55:46.335"/>
</kw>
<kw name="Log" library="BuiltIn">
<arg>${dict1['a']}</arg>
<doc>Logs the given message with the given level.</doc>
<msg timestamp="20231004 16:55:46.336" level="INFO">1</msg>
<status status="PASS" starttime="20231004 16:55:46.335" endtime="20231004 16:55:46.336"/>
</kw>
<kw name="Log" library="BuiltIn">
<arg>${z}</arg>
<doc>Logs the given message with the given level.</doc>
<msg timestamp="20231004 16:55:46.336" level="INFO">One</msg>
<status status="PASS" starttime="20231004 16:55:46.336" endtime="20231004 16:55:46.336"/>
</kw>
<timeout value="1 second"/>
<status status="PASS" starttime="20231004 16:55:46.325" endtime="20231004 16:55:46.337"/>
</test>
<test id="s1-t8" name="TC8" line="91">
<for flavor="IN RANGE">
<var>${i}</var>
<value>1</value>
<value>3</value>
<iter>
<var name="${i}">1</var>
<kw name="Log" library="BuiltIn">
<arg>${i}</arg>
<doc>Logs the given message with the given level.</doc>
<msg timestamp="20231004 16:55:46.340" level="INFO">1</msg>
<status status="PASS" starttime="20231004 16:55:46.340" endtime="20231004 16:55:46.340"/>
</kw>
<status status="PASS" starttime="20231004 16:55:46.339" endtime="20231004 16:55:46.340"/>
</iter>
<iter>
<var name="${i}">2</var>
<kw name="Log" library="BuiltIn">
<arg>${i}</arg>
<doc>Logs the given message with the given level.</doc>
<msg timestamp="20231004 16:55:46.340" level="INFO">2</msg>
<status status="PASS" starttime="20231004 16:55:46.340" endtime="20231004 16:55:46.340"/>
</kw>
<status status="PASS" starttime="20231004 16:55:46.340" endtime="20231004 16:55:46.340"/>
</iter>
<status status="PASS" starttime="20231004 16:55:46.339" endtime="20231004 16:55:46.340"/>
</for>
<kw name="Create List" library="BuiltIn">
<var>@{a}</var>
<arg>1</arg>
<arg>2</arg>
<arg>3</arg>
<arg>4</arg>
<arg>5</arg>
<doc>Returns a list containing given items.</doc>
<msg timestamp="20231004 16:55:46.341" level="INFO">@{a} = [ 1 | 2 | 3 | 4 | 5 ]</msg>
<status status="PASS" starttime="20231004 16:55:46.341" endtime="20231004 16:55:46.341"/>
</kw>
<for flavor="IN">
<var>${i}</var>
<value>@{a}</value>
<iter>
<var name="${i}">1</var>
<kw name="Log" library="BuiltIn">
<arg>${i}</arg>
<doc>Logs the given message with the given level.</doc>
<msg timestamp="20231004 16:55:46.343" level="INFO">1</msg>
<status status="PASS" starttime="20231004 16:55:46.342" endtime="20231004 16:55:46.343"/>
</kw>
<status status="PASS" starttime="20231004 16:55:46.342" endtime="20231004 16:55:46.343"/>
</iter>
<iter>
<var name="${i}">2</var>
<kw name="Log" library="BuiltIn">
<arg>${i}</arg>
<doc>Logs the given message with the given level.</doc>
<msg timestamp="20231004 16:55:46.344" level="INFO">2</msg>
<status status="PASS" starttime="20231004 16:55:46.343" endtime="20231004 16:55:46.344"/>
</kw>
<status status="PASS" starttime="20231004 16:55:46.343" endtime="20231004 16:55:46.344"/>
</iter>
<iter>
<var name="${i}">3</var>
<kw name="Log" library="BuiltIn">
<arg>${i}</arg>
<doc>Logs the given message with the given level.</doc>
<msg timestamp="20231004 16:55:46.345" level="INFO">3</msg>
<status status="PASS" starttime="20231004 16:55:46.344" endtime="20231004 16:55:46.345"/>
</kw>
<status status="PASS" starttime="20231004 16:55:46.344" endtime="20231004 16:55:46.345"/>
</iter>
<iter>
<var name="${i}">4</var>
<kw name="Log" library="BuiltIn">
<arg>${i}</arg>
<doc>Logs the given message with the given level.</doc>
<msg timestamp="20231004 16:55:46.346" level="INFO">4</msg>
<status status="PASS" starttime="20231004 16:55:46.345" endtime="20231004 16:55:46.346"/>
</kw>
<status status="PASS" starttime="20231004 16:55:46.345" endtime="20231004 16:55:46.346"/>
</iter>
<iter>
<var name="${i}">5</var>
<kw name="Log" library="BuiltIn">
<arg>${i}</arg>
<doc>Logs the given message with the given level.</doc>
<msg timestamp="20231004 16:55:46.347" level="INFO">5</msg>
<status status="PASS" starttime="20231004 16:55:46.347" endtime="20231004 16:55:46.347"/>
</kw>
<status status="PASS" starttime="20231004 16:55:46.346" endtime="20231004 16:55:46.347"/>
</iter>
<status status="PASS" starttime="20231004 16:55:46.342" endtime="20231004 16:55:46.347"/>
</for>
<kw name="Create List" library="BuiltIn">
<var>@{b}</var>
<arg>1</arg>
<arg>2</arg>
<arg>3</arg>
<arg>4</arg>
<arg>5</arg>
<doc>Returns a list containing given items.</doc>
<msg timestamp="20231004 16:55:46.348" level="INFO">@{b} = [ 1 | 2 | 3 | 4 | 5 ]</msg>
<status status="PASS" starttime="20231004 16:55:46.348" endtime="20231004 16:55:46.348"/>
</kw>
<for flavor="IN">
<var>${i}</var>
<value>@{b}</value>
<iter>
<var name="${i}">1</var>
<kw name="Log" library="BuiltIn">
<arg>${i}</arg>
<doc>Logs the given message with the given level.</doc>
<msg timestamp="20231004 16:55:46.350" level="INFO">1</msg>
<status status="PASS" starttime="20231004 16:55:46.350" endtime="20231004 16:55:46.350"/>
</kw>
<kw name="Exit For Loop If" library="BuiltIn">
<arg>${i}==3</arg>
<doc>Stops executing the enclosing FOR loop if the ``condition`` is true.</doc>
<status status="PASS" starttime="20231004 16:55:46.350" endtime="20231004 16:55:46.351"/>
</kw>
<status status="PASS" starttime="20231004 16:55:46.350" endtime="20231004 16:55:46.351"/>
</iter>
<iter>
<var name="${i}">2</var>
<kw name="Log" library="BuiltIn">
<arg>${i}</arg>
<doc>Logs the given message with the given level.</doc>
<msg timestamp="20231004 16:55:46.352" level="INFO">2</msg>
<status status="PASS" starttime="20231004 16:55:46.352" endtime="20231004 16:55:46.352"/>
</kw>
<kw name="Exit For Loop If" library="BuiltIn">
<arg>${i}==3</arg>
<doc>Stops executing the enclosing FOR loop if the ``condition`` is true.</doc>
<status status="PASS" starttime="20231004 16:55:46.352" endtime="20231004 16:55:46.353"/>
</kw>
<status status="PASS" starttime="20231004 16:55:46.351" endtime="20231004 16:55:46.353"/>
</iter>
<iter>
<var name="${i}">3</var>
<kw name="Log" library="BuiltIn">
<arg>${i}</arg>
<doc>Logs the given message with the given level.</doc>
<msg timestamp="20231004 16:55:46.354" level="INFO">3</msg>
<status status="PASS" starttime="20231004 16:55:46.353" endtime="20231004 16:55:46.354"/>
</kw>
<kw name="Exit For Loop If" library="BuiltIn">
<arg>${i}==3</arg>
<doc>Stops executing the enclosing FOR loop if the ``condition`` is true.</doc>
<msg timestamp="20231004 16:55:46.355" level="INFO">Exiting for loop altogether.</msg>
<status status="PASS" starttime="20231004 16:55:46.354" endtime="20231004 16:55:46.355"/>
</kw>
<status status="PASS" starttime="20231004 16:55:46.353" endtime="20231004 16:55:46.355"/>
</iter>
<status status="PASS" starttime="20231004 16:55:46.350" endtime="20231004 16:55:46.355"/>
</for>
<for flavor="IN RANGE">
<var>${i}</var>
<value>1</value>
<value>10</value>
<iter>
<var name="${i}">1</var>
<for flavor="IN RANGE">
<var>${j}</var>
<value>11</value>
<value>15</value>
<iter>
<var name="${j}">11</var>
<kw name="Log" library="BuiltIn">
<arg>${i}__${j}</arg>
<doc>Logs the given message with the given level.</doc>
<msg timestamp="20231004 16:55:46.356" level="INFO">1__11</msg>
<status status="PASS" starttime="20231004 16:55:46.356" endtime="20231004 16:55:46.356"/>
</kw>
<status status="PASS" starttime="20231004 16:55:46.356" endtime="20231004 16:55:46.356"/>
</iter>
<iter>
<var name="${j}">12</var>
<kw name="Log" library="BuiltIn">
<arg>${i}__${j}</arg>
<doc>Logs the given message with the given level.</doc>
<msg timestamp="20231004 16:55:46.357" level="INFO">1__12</msg>
<status status="PASS" starttime="20231004 16:55:46.356" endtime="20231004 16:55:46.357"/>
</kw>
<status status="PASS" starttime="20231004 16:55:46.356" endtime="20231004 16:55:46.357"/>
</iter>
<iter>
<var name="${j}">13</var>
<kw name="Log" library="BuiltIn">
<arg>${i}__${j}</arg>
<doc>Logs the given message with the given level.</doc>
<msg timestamp="20231004 16:55:46.358" level="INFO">1__13</msg>
<status status="PASS" starttime="20231004 16:55:46.357" endtime="20231004 16:55:46.358"/>
</kw>
<status status="PASS" starttime="20231004 16:55:46.357" endtime="20231004 16:55:46.358"/>
</iter>
<iter>
<var name="${j}">14</var>
<kw name="Log" library="BuiltIn">
<arg>${i}__${j}</arg>
<doc>Logs the given message with the given level.</doc>
<msg timestamp="20231004 16:55:46.359" level="INFO">1__14</msg>
<status status="PASS" starttime="20231004 16:55:46.358" endtime="20231004 16:55:46.359"/>
</kw>
<status status="PASS" starttime="20231004 16:55:46.358" endtime="20231004 16:55:46.359"/>
</iter>
<status status="PASS" starttime="20231004 16:55:46.356" endtime="20231004 16:55:46.359"/>
</for>
<status status="PASS" starttime="20231004 16:55:46.356" endtime="20231004 16:55:46.359"/>
</iter>
<iter>
<var name="${i}">2</var>
<for flavor="IN RANGE">
<var>${j}</var>
<value>11</value>
<value>15</value>
<iter>
<var name="${j}">11</var>
<kw name="Log" library="BuiltIn">
<arg>${i}__${j}</arg>
<doc>Logs the given message with the given level.</doc>
<msg timestamp="20231004 16:55:46.360" level="INFO">2__11</msg>
<status status="PASS" starttime="20231004 16:55:46.359" endtime="20231004 16:55:46.360"/>
</kw>
<status status="PASS" starttime="20231004 16:55:46.359" endtime="20231004 16:55:46.360"/>
</iter>
<iter>
<var name="${j}">12</var>
<kw name="Log" library="BuiltIn">
<arg>${i}__${j}</arg>
<doc>Logs the given message with the given level.</doc>
<msg timestamp="20231004 16:55:46.361" level="INFO">2__12</msg>
<status status="PASS" starttime="20231004 16:55:46.360" endtime="20231004 16:55:46.361"/>
</kw>
<status status="PASS" starttime="20231004 16:55:46.360" endtime="20231004 16:55:46.361"/>
</iter>
<iter>
<var name="${j}">13</var>
<kw name="Log" library="BuiltIn">
<arg>${i}__${j}</arg>
<doc>Logs the given message with the given level.</doc>
<msg timestamp="20231004 16:55:46.362" level="INFO">2__13</msg>
<status status="PASS" starttime="20231004 16:55:46.361" endtime="20231004 16:55:46.362"/>
</kw>
<status status="PASS" starttime="20231004 16:55:46.361" endtime="20231004 16:55:46.362"/>
</iter>
<iter>
<var name="${j}">14</var>
<kw name="Log" library="BuiltIn">
<arg>${i}__${j}</arg>
<doc>Logs the given message with the given level.</doc>
<msg timestamp="20231004 16:55:46.362" level="INFO">2__14</msg>
<status status="PASS" starttime="20231004 16:55:46.362" endtime="20231004 16:55:46.362"/>
</kw>
<status status="PASS" starttime="20231004 16:55:46.362" endtime="20231004 16:55:46.362"/>
</iter>
<status status="PASS" starttime="20231004 16:55:46.359" endtime="20231004 16:55:46.362"/>
</for>
<status status="PASS" starttime="20231004 16:55:46.359" endtime="20231004 16:55:46.362"/>
</iter>
<iter>
<var name="${i}">3</var>
<for flavor="IN RANGE">
<var>${j}</var>
<value>11</value>
<value>15</value>
<iter>
<var name="${j}">11</var>
<kw name="Log" library="BuiltIn">
<arg>${i}__${j}</arg>
<doc>Logs the given message with the given level.</doc>
<msg timestamp="20231004 16:55:46.363" level="INFO">3__11</msg>
<status status="PASS" starttime="20231004 16:55:46.363" endtime="20231004 16:55:46.364"/>
</kw>
<status status="PASS" starttime="20231004 16:55:46.363" endtime="20231004 16:55:46.364"/>
</iter>
<iter>
<var name="${j}">12</var>
<kw name="Log" library="BuiltIn">
<arg>${i}__${j}</arg>
<doc>Logs the given message with the given level.</doc>
<msg timestamp="20231004 16:55:46.364" level="INFO">3__12</msg>
<status status="PASS" starttime="20231004 16:55:46.364" endtime="20231004 16:55:46.364"/>
</kw>
<status status="PASS" starttime="20231004 16:55:46.364" endtime="20231004 16:55:46.364"/>
</iter>
<iter>
<var name="${j}">13</var>
<kw name="Log" library="BuiltIn">
<arg>${i}__${j}</arg>
<doc>Logs the given message with the given level.</doc>
<msg timestamp="20231004 16:55:46.365" level="INFO">3__13</msg>
<status status="PASS" starttime="20231004 16:55:46.364" endtime="20231004 16:55:46.365"/>
</kw>
<status status="PASS" starttime="20231004 16:55:46.364" endtime="20231004 16:55:46.365"/>
</iter>
<iter>
<var name="${j}">14</var>
<kw name="Log" library="BuiltIn">
<arg>${i}__${j}</arg>
<doc>Logs the given message with the given level.</doc>
<msg timestamp="20231004 16:55:46.366" level="INFO">3__14</msg>
<status status="PASS" starttime="20231004 16:55:46.365" endtime="20231004 16:55:46.366"/>
</kw>
<status status="PASS" starttime="20231004 16:55:46.365" endtime="20231004 16:55:46.366"/>
</iter>
<status status="PASS" starttime="20231004 16:55:46.363" endtime="20231004 16:55:46.366"/>
</for>
<status status="PASS" starttime="20231004 16:55:46.363" endtime="20231004 16:55:46.366"/>
</iter>
<iter>
<var name="${i}">4</var>
<for flavor="IN RANGE">
<var>${j}</var>
<value>11</value>
<value>15</value>
<iter>
<var name="${j}">11</var>
<kw name="Log" library="BuiltIn">
<arg>${i}__${j}</arg>
<doc>Logs the given message with the given level.</doc>
<msg timestamp="20231004 16:55:46.367" level="INFO">4__11</msg>
<status status="PASS" starttime="20231004 16:55:46.366" endtime="20231004 16:55:46.367"/>
</kw>
<status status="PASS" starttime="20231004 16:55:46.366" endtime="20231004 16:55:46.367"/>
</iter>
<iter>
<var name="${j}">12</var>
<kw name="Log" library="BuiltIn">
<arg>${i}__${j}</arg>
<doc>Logs the given message with the given level.</doc>
<msg timestamp="20231004 16:55:46.368" level="INFO">4__12</msg>
<status status="PASS" starttime="20231004 16:55:46.367" endtime="20231004 16:55:46.368"/>
</kw>
<status status="PASS" starttime="20231004 16:55:46.367" endtime="20231004 16:55:46.368"/>
</iter>
<iter>
<var name="${j}">13</var>
<kw name="Log" library="BuiltIn">
<arg>${i}__${j}</arg>
<doc>Logs the given message with the given level.</doc>
<msg timestamp="20231004 16:55:46.370" level="INFO">4__13</msg>
<status status="PASS" starttime="20231004 16:55:46.368" endtime="20231004 16:55:46.370"/>
</kw>
<status status="PASS" starttime="20231004 16:55:46.368" endtime="20231004 16:55:46.370"/>
</iter>
<iter>
<var name="${j}">14</var>
<kw name="Log" library="BuiltIn">
<arg>${i}__${j}</arg>
<doc>Logs the given message with the given level.</doc>
<msg timestamp="20231004 16:55:46.371" level="INFO">4__14</msg>
<status status="PASS" starttime="20231004 16:55:46.370" endtime="20231004 16:55:46.371"/>
</kw>
<status status="PASS" starttime="20231004 16:55:46.370" endtime="20231004 16:55:46.371"/>
</iter>
<status status="PASS" starttime="20231004 16:55:46.366" endtime="20231004 16:55:46.371"/>
</for>
<status status="PASS" starttime="20231004 16:55:46.366" endtime="20231004 16:55:46.371"/>
</iter>
<iter>
<var name="${i}">5</var>
<for flavor="IN RANGE">
<var>${j}</var>
<value>11</value>
<value>15</value>
<iter>
<var name="${j}">11</var>
<kw name="Log" library="BuiltIn">
<arg>${i}__${j}</arg>
<doc>Logs the given message with the given level.</doc>
<msg timestamp="20231004 16:55:46.372" level="INFO">5__11</msg>
<status status="PASS" starttime="20231004 16:55:46.371" endtime="20231004 16:55:46.372"/>
</kw>
<status status="PASS" starttime="20231004 16:55:46.371" endtime="20231004 16:55:46.372"/>
</iter>
<iter>
<var name="${j}">12</var>
<kw name="Log" library="BuiltIn">
<arg>${i}__${j}</arg>
<doc>Logs the given message with the given level.</doc>
<msg timestamp="20231004 16:55:46.373" level="INFO">5__12</msg>
<status status="PASS" starttime="20231004 16:55:46.372" endtime="20231004 16:55:46.373"/>
</kw>
<status status="PASS" starttime="20231004 16:55:46.372" endtime="20231004 16:55:46.373"/>
</iter>
<iter>
<var name="${j}">13</var>
<kw name="Log" library="BuiltIn">
<arg>${i}__${j}</arg>
<doc>Logs the given message with the given level.</doc>
<msg timestamp="20231004 16:55:46.374" level="INFO">5__13</msg>
<status status="PASS" starttime="20231004 16:55:46.373" endtime="20231004 16:55:46.374"/>
</kw>
<status status="PASS" starttime="20231004 16:55:46.373" endtime="20231004 16:55:46.374"/>
</iter>
<iter>
<var name="${j}">14</var>
<kw name="Log" library="BuiltIn">
<arg>${i}__${j}</arg>
<doc>Logs the given message with the given level.</doc>
<msg timestamp="20231004 16:55:46.375" level="INFO">5__14</msg>
<status status="PASS" starttime="20231004 16:55:46.375" endtime="20231004 16:55:46.375"/>
</kw>
<status status="PASS" starttime="20231004 16:55:46.374" endtime="20231004 16:55:46.376"/>
</iter>
<status status="PASS" starttime="20231004 16:55:46.371" endtime="20231004 16:55:46.376"/>
</for>
<status status="PASS" starttime="20231004 16:55:46.371" endtime="20231004 16:55:46.376"/>
</iter>
<iter>
<var name="${i}">6</var>
<for flavor="IN RANGE">
<var>${j}</var>
<value>11</value>
<value>15</value>
<iter>
<var name="${j}">11</var>
<kw name="Log" library="BuiltIn">
<arg>${i}__${j}</arg>
<doc>Logs the given message with the given level.</doc>
<msg timestamp="20231004 16:55:46.377" level="INFO">6__11</msg>
<status status="PASS" starttime="20231004 16:55:46.376" endtime="20231004 16:55:46.377"/>
</kw>
<status status="PASS" starttime="20231004 16:55:46.376" endtime="20231004 16:55:46.377"/>
</iter>
<iter>
<var name="${j}">12</var>
<kw name="Log" library="BuiltIn">
<arg>${i}__${j}</arg>
<doc>Logs the given message with the given level.</doc>
<msg timestamp="20231004 16:55:46.378" level="INFO">6__12</msg>
<status status="PASS" starttime="20231004 16:55:46.378" endtime="20231004 16:55:46.378"/>
</kw>
<status status="PASS" starttime="20231004 16:55:46.377" endtime="20231004 16:55:46.378"/>
</iter>
<iter>
<var name="${j}">13</var>
<kw name="Log" library="BuiltIn">
<arg>${i}__${j}</arg>
<doc>Logs the given message with the given level.</doc>
<msg timestamp="20231004 16:55:46.379" level="INFO">6__13</msg>
<status status="PASS" starttime="20231004 16:55:46.379" endtime="20231004 16:55:46.379"/>
</kw>
<status status="PASS" starttime="20231004 16:55:46.379" endtime="20231004 16:55:46.379"/>
</iter>
<iter>
<var name="${j}">14</var>
<kw name="Log" library="BuiltIn">
<arg>${i}__${j}</arg>
<doc>Logs the given message with the given level.</doc>
<msg timestamp="20231004 16:55:46.380" level="INFO">6__14</msg>
<status status="PASS" starttime="20231004 16:55:46.380" endtime="20231004 16:55:46.380"/>
</kw>
<status status="PASS" starttime="20231004 16:55:46.380" endtime="20231004 16:55:46.380"/>
</iter>
<status status="PASS" starttime="20231004 16:55:46.376" endtime="20231004 16:55:46.380"/>
</for>
<status status="PASS" starttime="20231004 16:55:46.376" endtime="20231004 16:55:46.380"/>
</iter>
<iter>
<var name="${i}">7</var>
<for flavor="IN RANGE">
<var>${j}</var>
<value>11</value>
<value>15</value>
<iter>
<var name="${j}">11</var>
<kw name="Log" library="BuiltIn">
<arg>${i}__${j}</arg>
<doc>Logs the given message with the given level.</doc>
<msg timestamp="20231004 16:55:46.382" level="INFO">7__11</msg>
<status status="PASS" starttime="20231004 16:55:46.381" endtime="20231004 16:55:46.382"/>
</kw>
<status status="PASS" starttime="20231004 16:55:46.381" endtime="20231004 16:55:46.382"/>
</iter>
<iter>
<var name="${j}">12</var>
<kw name="Log" library="BuiltIn">
<arg>${i}__${j}</arg>
<doc>Logs the given message with the given level.</doc>
<msg timestamp="20231004 16:55:46.383" level="INFO">7__12</msg>
<status status="PASS" starttime="20231004 16:55:46.382" endtime="20231004 16:55:46.383"/>
</kw>
<status status="PASS" starttime="20231004 16:55:46.382" endtime="20231004 16:55:46.383"/>
</iter>
<iter>
<var name="${j}">13</var>
<kw name="Log" library="BuiltIn">
<arg>${i}__${j}</arg>
<doc>Logs the given message with the given level.</doc>
<msg timestamp="20231004 16:55:46.385" level="INFO">7__13</msg>
<status status="PASS" starttime="20231004 16:55:46.384" endtime="20231004 16:55:46.385"/>
</kw>
<status status="PASS" starttime="20231004 16:55:46.383" endtime="20231004 16:55:46.385"/>
</iter>
<iter>
<var name="${j}">14</var>
<kw name="Log" library="BuiltIn">
<arg>${i}__${j}</arg>
<doc>Logs the given message with the given level.</doc>
<msg timestamp="20231004 16:55:46.387" level="INFO">7__14</msg>
<status status="PASS" starttime="20231004 16:55:46.386" endtime="20231004 16:55:46.388"/>
</kw>
<status status="PASS" starttime="20231004 16:55:46.386" endtime="20231004 16:55:46.388"/>
</iter>
<status status="PASS" starttime="20231004 16:55:46.381" endtime="20231004 16:55:46.388"/>
</for>
<status status="PASS" starttime="20231004 16:55:46.381" endtime="20231004 16:55:46.388"/>
</iter>
<iter>
<var name="${i}">8</var>
<for flavor="IN RANGE">
<var>${j}</var>
<value>11</value>
<value>15</value>
<iter>
<var name="${j}">11</var>
<kw name="Log" library="BuiltIn">
<arg>${i}__${j}</arg>
<doc>Logs the given message with the given level.</doc>
<msg timestamp="20231004 16:55:46.390" level="INFO">8__11</msg>
<status status="PASS" starttime="20231004 16:55:46.389" endtime="20231004 16:55:46.390"/>
</kw>
<status status="PASS" starttime="20231004 16:55:46.388" endtime="20231004 16:55:46.390"/>
</iter>
<iter>
<var name="${j}">12</var>
<kw name="Log" library="BuiltIn">
<arg>${i}__${j}</arg>
<doc>Logs the given message with the given level.</doc>
<msg timestamp="20231004 16:55:46.391" level="INFO">8__12</msg>
<status status="PASS" starttime="20231004 16:55:46.390" endtime="20231004 16:55:46.391"/>
</kw>
<status status="PASS" starttime="20231004 16:55:46.390" endtime="20231004 16:55:46.391"/>
</iter>
<iter>
<var name="${j}">13</var>
<kw name="Log" library="BuiltIn">
<arg>${i}__${j}</arg>
<doc>Logs the given message with the given level.</doc>
<msg timestamp="20231004 16:55:46.392" level="INFO">8__13</msg>
<status status="PASS" starttime="20231004 16:55:46.391" endtime="20231004 16:55:46.392"/>
</kw>
<status status="PASS" starttime="20231004 16:55:46.391" endtime="20231004 16:55:46.392"/>
</iter>
<iter>
<var name="${j}">14</var>
<kw name="Log" library="BuiltIn">
<arg>${i}__${j}</arg>
<doc>Logs the given message with the given level.</doc>
<msg timestamp="20231004 16:55:46.393" level="INFO">8__14</msg>
<status status="PASS" starttime="20231004 16:55:46.392" endtime="20231004 16:55:46.393"/>
</kw>
<status status="PASS" starttime="20231004 16:55:46.392" endtime="20231004 16:55:46.393"/>
</iter>
<status status="PASS" starttime="20231004 16:55:46.388" endtime="20231004 16:55:46.394"/>
</for>
<status status="PASS" starttime="20231004 16:55:46.388" endtime="20231004 16:55:46.394"/>
</iter>
<iter>
<var name="${i}">9</var>
<for flavor="IN RANGE">
<var>${j}</var>
<value>11</value>
<value>15</value>
<iter>
<var name="${j}">11</var>
<kw name="Log" library="BuiltIn">
<arg>${i}__${j}</arg>
<doc>Logs the given message with the given level.</doc>
<msg timestamp="20231004 16:55:46.396" level="INFO">9__11</msg>
<status status="PASS" starttime="20231004 16:55:46.395" endtime="20231004 16:55:46.396"/>
</kw>
<status status="PASS" starttime="20231004 16:55:46.395" endtime="20231004 16:55:46.396"/>
</iter>
<iter>
<var name="${j}">12</var>
<kw name="Log" library="BuiltIn">
<arg>${i}__${j}</arg>
<doc>Logs the given message with the given level.</doc>
<msg timestamp="20231004 16:55:46.397" level="INFO">9__12</msg>
<status status="PASS" starttime="20231004 16:55:46.396" endtime="20231004 16:55:46.397"/>
</kw>
<status status="PASS" starttime="20231004 16:55:46.396" endtime="20231004 16:55:46.397"/>
</iter>
<iter>
<var name="${j}">13</var>
<kw name="Log" library="BuiltIn">
<arg>${i}__${j}</arg>
<doc>Logs the given message with the given level.</doc>
<msg timestamp="20231004 16:55:46.398" level="INFO">9__13</msg>
<status status="PASS" starttime="20231004 16:55:46.397" endtime="20231004 16:55:46.398"/>
</kw>
<status status="PASS" starttime="20231004 16:55:46.397" endtime="20231004 16:55:46.398"/>
</iter>
<iter>
<var name="${j}">14</var>
<kw name="Log" library="BuiltIn">
<arg>${i}__${j}</arg>
<doc>Logs the given message with the given level.</doc>
<msg timestamp="20231004 16:55:46.398" level="INFO">9__14</msg>
<status status="PASS" starttime="20231004 16:55:46.398" endtime="20231004 16:55:46.400"/>
</kw>
<status status="PASS" starttime="20231004 16:55:46.398" endtime="20231004 16:55:46.400"/>
</iter>
<status status="PASS" starttime="20231004 16:55:46.394" endtime="20231004 16:55:46.400"/>
</for>
<status status="PASS" starttime="20231004 16:55:46.394" endtime="20231004 16:55:46.400"/>
</iter>
<status status="PASS" starttime="20231004 16:55:46.355" endtime="20231004 16:55:46.400"/>
</for>
<timeout value="1 second"/>
<status status="PASS" starttime="20231004 16:55:46.339" endtime="20231004 16:55:46.401"/>
</test>
<test id="s1-t9" name="TC10" line="117">
<kw name="Set Variable" library="BuiltIn">
<var>${cond}</var>
<arg>True</arg>
<doc>Returns the given values which can then be assigned to a variables.</doc>
<msg timestamp="20231004 16:55:46.404" level="INFO">${cond} = True</msg>
<status status="PASS" starttime="20231004 16:55:46.404" endtime="20231004 16:55:46.404"/>
</kw>
<kw name="Set Variable If" library="BuiltIn">
<var>${a}</var>
<arg>${cond}==False</arg>
<arg>Value if true</arg>
<arg>Value if false</arg>
<doc>Sets variable based on the given condition.</doc>
<msg timestamp="20231004 16:55:46.405" level="INFO">${a} = Value if false</msg>
<status status="PASS" starttime="20231004 16:55:46.405" endtime="20231004 16:55:46.405"/>
</kw>
<kw name="Log" library="BuiltIn">
<arg>${a}</arg>
<doc>Logs the given message with the given level.</doc>
<msg timestamp="20231004 16:55:46.407" level="INFO">Value if false</msg>
<status status="PASS" starttime="20231004 16:55:46.406" endtime="20231004 16:55:46.407"/>
</kw>
<timeout value="1 second"/>
<status status="PASS" starttime="20231004 16:55:46.403" endtime="20231004 16:55:46.407"/>
</test>
<kw name="Log" library="BuiltIn" type="TEARDOWN">
<arg>Test Ends</arg>
<doc>Logs the given message with the given level.</doc>
<msg timestamp="20231004 16:55:46.410" level="INFO">Test Ends</msg>
<status status="PASS" starttime="20231004 16:55:46.409" endtime="20231004 16:55:46.410"/>
</kw>
<doc>This is a documentation at SUITE LEVEL</doc>
<status status="PASS" starttime="20231004 16:55:46.269" endtime="20231004 16:55:46.410"/>
</suite>
<statistics>
<total>
<stat pass="9" fail="0" skip="0">All Tests</stat>
</total>
<tag>
<stat pass="1" fail="0" skip="0">critical</stat>
</tag>
<suite>
<stat pass="9" fail="0" skip="0" id="s1" name="Sampletest">Sampletest</stat>
</suite>
</statistics>
<errors>
<msg timestamp="20231004 16:55:46.330" level="WARN">this is WARN Log</msg>
<msg timestamp="20231004 16:55:46.331" level="ERROR">this is ERROR Log</msg>
</errors>
</robot>
